Failed to start or connect to the Nx Daemon process.

Messages from the log:
    at c:\Wokrspace\Angular\Architecture\arch-app\node_modules\nx\src\daemon\server\server.js:415:20
    at new Promise (<anonymous>)
    at startServer (c:\Wokrspace\Angular\Architecture\arch-app\node_modules\nx\src\daemon\server\server.js:413:12)
    at async c:\Wokrspace\Angular\Architecture\arch-app\node_modules\nx\src\daemon\server\start.js:8:9
Emitted 'error' event on Server instance at:
    at emitErrorNT (node:net:1943:8)
    at process.processTicksAndRejections (node:internal/process/task_queues:90:21) {
  code: 'EADDRINUSE',
  errno: -4091,
  syscall: 'listen',
  address: '\\\\.\\pipe\\nx\\C:\\Users\\yatr0316\\AppData\\Local\\Temp\\5\\a629f9069910c4952e49\\d.sock',
  port: -1
}

Node.js v22.10.0
[NX v22.1.0 Daemon Server] - 2025-11-20T09:56:23.304Z - Closed a connection. Number of open connections: 0
[NX v22.1.0 Daemon Server] - 2025-11-20T09:56:23.304Z - [WATCHER]: Stopping the watcher for c:\Wokrspace\Angular\Architecture\arch-app (sources)
[NX v22.1.0 Daemon Server] - 2025-11-20T09:56:23.305Z - [WATCHER]: Stopping the watcher for c:\Wokrspace\Angular\Architecture\arch-app (outputs)
[NX v22.1.0 Daemon Server] - 2025-11-20T09:56:23.306Z - Server stopped because: "this process is no longer the current daemon (native)"



More information: c:\Wokrspace\Angular\Architecture\arch-app\.nx\workspace-data\d\daemon.log